<?xml version="1.0" encoding="UTF-8"?>
<!-- Generated by org.testng.reporters.JUnitXMLReporter -->
<testsuite hostname="TYSS-Deepak" ignored="0" name="Command line test" tests="9" failures="0" timestamp="2022-05-10T12:15:29 IST" time="0.058" errors="0">
  <testcase name="ContactAddressTest" time="0.004" classname="com.contacttest.ContactModifyTest"/>
  <testcase name="createContactNameEditTest" time="0.0" classname="com.contacttest.ContactModifyTest"/>
  <testcase name="createContactNumberEditTest" time="0.0" classname="com.contacttest.ContactModifyTest"/>
  <testcase name="createContactTest" time="0.0" classname="com.contacttest.ContactTest"/>
  <testcase name="deleteContactTest" time="0.0" classname="com.contacttest.ContactTest"/>
  <testcase name="modifyContactTest" time="0.0" classname="com.contacttest.ContactTest"/>
  <testcase name="createOrgTest" time="0.002" classname="com.orgtest.OrganizationTest"/>
  <testcase name="deleteOrgTest" time="0.0" classname="com.orgtest.OrganizationTest"/>
  <testcase name="modifyOrgTest" time="0.0" classname="com.orgtest.OrganizationTest"/>
</testsuite> <!-- Command line test -->
