<?xml version="1.0" encoding="UTF-8"?>
<testng-results ignored="0" total="3" passed="3" failed="0" skipped="0">
  <reporter-output>
  </reporter-output>
  <suite started-at="2022-05-10T12:18:41 IST" name="Default suite" finished-at="2022-05-10T12:18:41 IST" duration-ms="38">
    <groups>
      <group name="regressionTest">
        <method signature="ContactModifyTest.ContactAddressTest()[pri:0, instance:com.contacttest.ContactModifyTest@4cc8eb05]" name="ContactAddressTest" class="com.contacttest.ContactModifyTest"/>
        <method signature="ContactModifyTest.createContactNumberEditTest()[pri:0, instance:com.contacttest.ContactModifyTest@4cc8eb05]" name="createContactNumberEditTest" class="com.contacttest.ContactModifyTest"/>
      </group> <!-- regressionTest -->
      <group name="smokeTest">
        <method signature="ContactModifyTest.createContactNameEditTest()[pri:0, instance:com.contacttest.ContactModifyTest@4cc8eb05]" name="createContactNameEditTest" class="com.contacttest.ContactModifyTest"/>
      </group> <!-- smokeTest -->
    </groups>
    <test started-at="2022-05-10T12:18:41 IST" name="Default test" finished-at="2022-05-10T12:18:41 IST" duration-ms="38">
      <class name="com.contacttest.ContactModifyTest">
        <test-method signature="ContactAddressTest()[pri:0, instance:com.contacttest.ContactModifyTest@4cc8eb05]" started-at="2022-05-10T12:18:41 IST" name="ContactAddressTest" finished-at="2022-05-10T12:18:41 IST" duration-ms="7" status="PASS">
          <reporter-output>
          </reporter-output>
        </test-method> <!-- ContactAddressTest -->
        <test-method signature="createContactNameEditTest()[pri:0, instance:com.contacttest.ContactModifyTest@4cc8eb05]" started-at="2022-05-10T12:18:41 IST" name="createContactNameEditTest" finished-at="2022-05-10T12:18:41 IST" duration-ms="1" status="PASS">
          <reporter-output>
          </reporter-output>
        </test-method> <!-- createContactNameEditTest -->
        <test-method signature="createContactNumberEditTest()[pri:0, instance:com.contacttest.ContactModifyTest@4cc8eb05]" started-at="2022-05-10T12:18:41 IST" name="createContactNumberEditTest" finished-at="2022-05-10T12:18:41 IST" duration-ms="1" status="PASS">
          <reporter-output>
          </reporter-output>
        </test-method> <!-- createContactNumberEditTest -->
      </class> <!-- com.contacttest.ContactModifyTest -->
    </test> <!-- Default test -->
  </suite> <!-- Default suite -->
</testng-results>
