<?xml version="1.0" encoding="UTF-8"?>
<!-- Generated by org.testng.reporters.JUnitXMLReporter -->
<testsuite ignored="0" hostname="TYSS-Deepak" failures="0" tests="3" name="Default test" time="0.038" errors="0" timestamp="2022-05-10T12:18:41 IST">
  <testcase classname="com.contacttest.ContactModifyTest" name="ContactAddressTest" time="0.007"/>
  <testcase classname="com.contacttest.ContactModifyTest" name="createContactNameEditTest" time="0.001"/>
  <testcase classname="com.contacttest.ContactModifyTest" name="createContactNumberEditTest" time="0.001"/>
</testsuite> <!-- Default test -->
